Determining if the pthread_create exist failed with the following output:
Change Dir: /home/lx/seminar/build/CMakeFiles/CMakeTmp

Run Build Command:"/usr/bin/make" "cmTC_354e9/fast"
/usr/bin/make -f CMakeFiles/cmTC_354e9.dir/build.make CMakeFiles/cmTC_354e9.dir/build
make[1]: Entering directory '/home/lx/seminar/build/CMakeFiles/CMakeTmp'
Building C object CMakeFiles/cmTC_354e9.dir/CheckSymbolExists.c.o
/usr/bin/cc    -o CMakeFiles/cmTC_354e9.dir/CheckSymbolExists.c.o   -c /home/lx/seminar/build/CMakeFiles/CMakeTmp/CheckSymbolExists.c
Linking C executable cmTC_354e9
/usr/local/bin/cmake -E cmake_link_script CMakeFiles/cmTC_354e9.dir/link.txt --verbose=1
/usr/bin/cc      CMakeFiles/cmTC_354e9.dir/CheckSymbolExists.c.o  -o cmTC_354e9 
CMakeFiles/cmTC_354e9.dir/CheckSymbolExists.c.o: In function `main':
CheckSymbolExists.c:(.text+0x1b): undefined reference to `pthread_create'
collect2: error: ld returned 1 exit status
CMakeFiles/cmTC_354e9.dir/build.make:86: recipe for target 'cmTC_354e9' failed
make[1]: *** [cmTC_354e9] Error 1
make[1]: Leaving directory '/home/lx/seminar/build/CMakeFiles/CMakeTmp'
Makefile:121: recipe for target 'cmTC_354e9/fast' failed
make: *** [cmTC_354e9/fast] Error 2

File /home/lx/seminar/build/CMakeFiles/CMakeTmp/CheckSymbolExists.c:
/* */
#include <pthread.h>

int main(int argc, char** argv)
{
  (void)argv;
#ifndef pthread_create
  return ((int*)(&pthread_create))[argc];
#else
  (void)argc;
  return 0;
#endif
}

Determining if the function pthread_create exists in the pthreads failed with the following output:
Change Dir: /home/lx/seminar/build/CMakeFiles/CMakeTmp

Run Build Command:"/usr/bin/make" "cmTC_83f46/fast"
/usr/bin/make -f CMakeFiles/cmTC_83f46.dir/build.make CMakeFiles/cmTC_83f46.dir/build
make[1]: Entering directory '/home/lx/seminar/build/CMakeFiles/CMakeTmp'
Building C object CMakeFiles/cmTC_83f46.dir/CheckFunctionExists.c.o
/usr/bin/cc   -DCHECK_FUNCTION_EXISTS=pthread_create   -o CMakeFiles/cmTC_83f46.dir/CheckFunctionExists.c.o   -c /usr/local/share/cmake-3.12/Modules/CheckFunctionExists.c
Linking C executable cmTC_83f46
/usr/local/bin/cmake -E cmake_link_script CMakeFiles/cmTC_83f46.dir/link.txt --verbose=1
/usr/bin/cc  -DCHECK_FUNCTION_EXISTS=pthread_create    CMakeFiles/cmTC_83f46.dir/CheckFunctionExists.c.o  -o cmTC_83f46 -lpthreads 
/usr/bin/ld: cannot find -lpthreads
collect2: error: ld returned 1 exit status
CMakeFiles/cmTC_83f46.dir/build.make:86: recipe for target 'cmTC_83f46' failed
make[1]: *** [cmTC_83f46] Error 1
make[1]: Leaving directory '/home/lx/seminar/build/CMakeFiles/CMakeTmp'
Makefile:121: recipe for target 'cmTC_83f46/fast' failed
make: *** [cmTC_83f46/fast] Error 2


